build/app/outputs/mapping/release/mapping.txt
# compiler: R8
# compiler_version: 1.5.64
# min_api: 16
# pg_map_id: b9b2341
...
com.google.android.gms.maps.GoogleMap$OnCameraMoveStartedListener -> com.google.android.gms.maps.c$c:
    void onCameraMoveStarted(int) -> d
com.google.android.gms.maps.GoogleMap$OnCircleClickListener -> com.google.android.gms.maps.c$d:
    void onCircleClick(com.google.android.gms.maps.model.Circle) -> a
com.google.android.gms.maps.GoogleMap$OnInfoWindowClickListener -> com.google.android.gms.maps.c$e:
    void onInfoWindowClick(com.google.android.gms.maps.model.Marker) -> d
com.google.android.gms.maps.GoogleMap$OnMapClickListener -> com.google.android.gms.maps.c$f:
    void onMapClick(com.google.android.gms.maps.model.LatLng) -> d
com.google.android.gms.maps.GoogleMap$OnMapLongClickListener -> com.google.android.gms.maps.c$g:
    void onMapLongClick(com.google.android.gms.maps.model.LatLng) -> c
com.google.android.gms.maps.GoogleMap$OnMarkerClickListener -> com.google.android.gms.maps.c$h:
    boolean onMarkerClick(com.google.android.gms.maps.model.Marker) -> b
com.google.android.gms.maps.GoogleMap$OnMarkerDragListener -> com.google.android.gms.maps.c$i:
    void onMarkerDrag(com.google.android.gms.maps.model.Marker) -> a
    void onMarkerDragEnd(com.google.android.gms.maps.model.Marker) -> c
    void onMarkerDragStart(com.google.android.gms.maps.model.Marker) -> e
com.google.android.gms.maps.GoogleMap$OnPolygonClickListener -> com.google.android.gms.maps.c$j:
    void onPolygonClick(com.google.android.gms.maps.model.Polygon) -> a
com.google.android.gms.maps.GoogleMap$OnPolylineClickListener -> com.google.android.gms.maps.c$k:
    void onPolylineClick(com.google.android.gms.maps.model.Polyline) -> a
com.google.android.gms.maps.GoogleMap$SnapshotReadyCallback -> com.google.android.gms.maps.c$l:
    void onSnapshotReady(android.graphics.Bitmap) -> a
com.google.android.gms.maps.GoogleMapOptions -> com.google.android.gms.maps.GoogleMapOptions:
    java.lang.Boolean zzan -> g
    java.lang.Boolean zzao -> h
    java.lang.Boolean zzam -> f
    java.lang.Boolean zzar -> k
    java.lang.Boolean zzas -> l
    java.lang.Boolean zzap -> i
    java.lang.Boolean zzaq -> j
    int mapType -> d
    java.lang.Boolean zzat -> m
    java.lang.Boolean zzau -> n
    java.lang.Boolean zzay -> r
    java.lang.Float zzav -> o
    java.lang.Float zzaw -> p
    com.google.android.gms.maps.model.CameraPosition zzal -> e
    com.google.android.gms.maps.model.LatLngBounds zzax -> q
    java.lang.Boolean zzak -> c
    java.lang.Boolean zzaj -> b
    java.lang.Float getMaxZoomPreference() -> A
    java.lang.Float getMinZoomPreference() -> B
    com.google.android.gms.maps.GoogleMapOptions camera(com.google.android.gms.maps.model.CameraPosition) -> a
    com.google.android.gms.maps.GoogleMapOptions latLngBoundsForCameraTarget(com.google.android.gms.maps.model.LatLngBounds) -> a
    com.google.android.gms.maps.GoogleMapOptions maxZoomPreference(float) -> a
    com.google.android.gms.maps.GoogleMapOptions compassEnabled(boolean) -> b
    com.google.android.gms.maps.GoogleMapOptions minZoomPreference(float) -> b
    com.google.android.gms.maps.GoogleMapOptions liteMode(boolean) -> c
    com.google.android.gms.maps.GoogleMapOptions mapToolbarEnabled(boolean) -> d
    com.google.android.gms.maps.GoogleMapOptions mapType(int) -> d
com.google.android.gms.maps.MapView -> com.google.android.gms.maps.d:
    com.google.android.gms.maps.MapView$zzb zzbg -> b
    void getMapAsync(com.google.android.gms.maps.OnMapReadyCallback) -> a
    void onCreate(android.os.Bundle) -> a
    void onDestroy() -> a
    void onPause() -> b
    void onSaveInstanceState(android.os.Bundle) -> b
    void onResume() -> c
    void onStart() -> d
    void onStop() -> e